<?xml version="1.0" encoding="UTF-8"?>
<!-- Generated by org.testng.reporters.JUnitReportReporter -->
<testsuite hostname="DESKTOP-VUEJM7J" failures="0" tests="1" name="test.D1" time="0.009" errors="0" timestamp="2022-09-15T17:16:48 IST" skipped="0">
  <testcase classname="test.D1" name="State" time="0.009"/>
  <system-out/>
</testsuite> <!-- test.D1 -->
